Time resolution is 1 ps
Stopped at time : 0 fs : File "I:/mtech/1sem/e-books/ES ZG 626 Hardware software co-design/project_i2s/bram/bram.srcs/sources_1/new/i2s_master_rx.v" Line 35
Stopped at time : 25 ns : File "I:/mtech/1sem/e-books/ES ZG 626 Hardware software co-design/project_i2s/bram/bram.srcs/sources_1/new/i2s_master_rx.v" Line 40
Stopped at time : 25 ns : File "I:/mtech/1sem/e-books/ES ZG 626 Hardware software co-design/project_i2s/bram/bram.srcs/sources_1/new/i2s_master_rx.v" Line 43
Stopped at time : 65 ns : File "I:/mtech/1sem/e-books/ES ZG 626 Hardware software co-design/project_i2s/bram/bram.srcs/sources_1/new/i2s_master_rx.v" Line 40
Stopped at time : 65 ns : File "I:/mtech/1sem/e-books/ES ZG 626 Hardware software co-design/project_i2s/bram/bram.srcs/sources_1/new/i2s_master_rx.v" Line 43
Stopped at time : 105 ns : File "I:/mtech/1sem/e-books/ES ZG 626 Hardware software co-design/project_i2s/bram/bram.srcs/sources_1/new/i2s_master_rx.v" Line 40
Stopped at time : 105 ns : File "I:/mtech/1sem/e-books/ES ZG 626 Hardware software co-design/project_i2s/bram/bram.srcs/sources_1/new/i2s_master_rx.v" Line 43
Stopped at time : 145 ns : File "I:/mtech/1sem/e-books/ES ZG 626 Hardware software co-design/project_i2s/bram/bram.srcs/sources_1/new/i2s_master_rx.v" Line 40
Stopped at time : 145 ns : File "I:/mtech/1sem/e-books/ES ZG 626 Hardware software co-design/project_i2s/bram/bram.srcs/sources_1/new/i2s_master_rx.v" Line 43
Stopped at time : 185 ns : File "I:/mtech/1sem/e-books/ES ZG 626 Hardware software co-design/project_i2s/bram/bram.srcs/sources_1/new/i2s_master_rx.v" Line 40
Stopped at time : 185 ns : File "I:/mtech/1sem/e-books/ES ZG 626 Hardware software co-design/project_i2s/bram/bram.srcs/sources_1/new/i2s_master_rx.v" Line 43
Stopped at time : 225 ns : File "I:/mtech/1sem/e-books/ES ZG 626 Hardware software co-design/project_i2s/bram/bram.srcs/sources_1/new/i2s_master_rx.v" Line 40
Stopped at time : 225 ns : File "I:/mtech/1sem/e-books/ES ZG 626 Hardware software co-design/project_i2s/bram/bram.srcs/sources_1/new/i2s_master_rx.v" Line 43
Stopped at time : 265 ns : File "I:/mtech/1sem/e-books/ES ZG 626 Hardware software co-design/project_i2s/bram/bram.srcs/sources_1/new/i2s_master_rx.v" Line 40
Stopped at time : 265 ns : File "I:/mtech/1sem/e-books/ES ZG 626 Hardware software co-design/project_i2s/bram/bram.srcs/sources_1/new/i2s_master_rx.v" Line 43
Stopped at time : 305 ns : File "I:/mtech/1sem/e-books/ES ZG 626 Hardware software co-design/project_i2s/bram/bram.srcs/sources_1/new/i2s_master_rx.v" Line 40
Stopped at time : 305 ns : File "I:/mtech/1sem/e-books/ES ZG 626 Hardware software co-design/project_i2s/bram/bram.srcs/sources_1/new/i2s_master_rx.v" Line 43
Stopped at time : 345 ns : File "I:/mtech/1sem/e-books/ES ZG 626 Hardware software co-design/project_i2s/bram/bram.srcs/sources_1/new/i2s_master_rx.v" Line 40
Stopped at time : 345 ns : File "I:/mtech/1sem/e-books/ES ZG 626 Hardware software co-design/project_i2s/bram/bram.srcs/sources_1/new/i2s_master_rx.v" Line 43
Stopped at time : 385 ns : File "I:/mtech/1sem/e-books/ES ZG 626 Hardware software co-design/project_i2s/bram/bram.srcs/sources_1/new/i2s_master_rx.v" Line 40
Stopped at time : 385 ns : File "I:/mtech/1sem/e-books/ES ZG 626 Hardware software co-design/project_i2s/bram/bram.srcs/sources_1/new/i2s_master_rx.v" Line 43
Stopped at time : 425 ns : File "I:/mtech/1sem/e-books/ES ZG 626 Hardware software co-design/project_i2s/bram/bram.srcs/sources_1/new/i2s_master_rx.v" Line 40
Stopped at time : 425 ns : File "I:/mtech/1sem/e-books/ES ZG 626 Hardware software co-design/project_i2s/bram/bram.srcs/sources_1/new/i2s_master_rx.v" Line 43
Stopped at time : 465 ns : File "I:/mtech/1sem/e-books/ES ZG 626 Hardware software co-design/project_i2s/bram/bram.srcs/sources_1/new/i2s_master_rx.v" Line 40
Stopped at time : 465 ns : File "I:/mtech/1sem/e-books/ES ZG 626 Hardware software co-design/project_i2s/bram/bram.srcs/sources_1/new/i2s_master_rx.v" Line 43
Stopped at time : 505 ns : File "I:/mtech/1sem/e-books/ES ZG 626 Hardware software co-design/project_i2s/bram/bram.srcs/sources_1/new/i2s_master_rx.v" Line 40
Stopped at time : 505 ns : File "I:/mtech/1sem/e-books/ES ZG 626 Hardware software co-design/project_i2s/bram/bram.srcs/sources_1/new/i2s_master_rx.v" Line 43
Stopped at time : 545 ns : File "I:/mtech/1sem/e-books/ES ZG 626 Hardware software co-design/project_i2s/bram/bram.srcs/sources_1/new/i2s_master_rx.v" Line 40
Stopped at time : 545 ns : File "I:/mtech/1sem/e-books/ES ZG 626 Hardware software co-design/project_i2s/bram/bram.srcs/sources_1/new/i2s_master_rx.v" Line 43
Stopped at time : 585 ns : File "I:/mtech/1sem/e-books/ES ZG 626 Hardware software co-design/project_i2s/bram/bram.srcs/sources_1/new/i2s_master_rx.v" Line 40
Stopped at time : 585 ns : File "I:/mtech/1sem/e-books/ES ZG 626 Hardware software co-design/project_i2s/bram/bram.srcs/sources_1/new/i2s_master_rx.v" Line 43
Stopped at time : 625 ns : File "I:/mtech/1sem/e-books/ES ZG 626 Hardware software co-design/project_i2s/bram/bram.srcs/sources_1/new/i2s_master_rx.v" Line 40
Stopped at time : 625 ns : File "I:/mtech/1sem/e-books/ES ZG 626 Hardware software co-design/project_i2s/bram/bram.srcs/sources_1/new/i2s_master_rx.v" Line 43
Stopped at time : 665 ns : File "I:/mtech/1sem/e-books/ES ZG 626 Hardware software co-design/project_i2s/bram/bram.srcs/sources_1/new/i2s_master_rx.v" Line 40
Stopped at time : 665 ns : File "I:/mtech/1sem/e-books/ES ZG 626 Hardware software co-design/project_i2s/bram/bram.srcs/sources_1/new/i2s_master_rx.v" Line 43
Stopped at time : 705 ns : File "I:/mtech/1sem/e-books/ES ZG 626 Hardware software co-design/project_i2s/bram/bram.srcs/sources_1/new/i2s_master_rx.v" Line 40
Stopped at time : 705 ns : File "I:/mtech/1sem/e-books/ES ZG 626 Hardware software co-design/project_i2s/bram/bram.srcs/sources_1/new/i2s_master_rx.v" Line 43
Stopped at time : 745 ns : File "I:/mtech/1sem/e-books/ES ZG 626 Hardware software co-design/project_i2s/bram/bram.srcs/sources_1/new/i2s_master_rx.v" Line 40
Stopped at time : 745 ns : File "I:/mtech/1sem/e-books/ES ZG 626 Hardware software co-design/project_i2s/bram/bram.srcs/sources_1/new/i2s_master_rx.v" Line 43
Stopped at time : 785 ns : File "I:/mtech/1sem/e-books/ES ZG 626 Hardware software co-design/project_i2s/bram/bram.srcs/sources_1/new/i2s_master_rx.v" Line 40
Stopped at time : 785 ns : File "I:/mtech/1sem/e-books/ES ZG 626 Hardware software co-design/project_i2s/bram/bram.srcs/sources_1/new/i2s_master_rx.v" Line 43
Stopped at time : 825 ns : File "I:/mtech/1sem/e-books/ES ZG 626 Hardware software co-design/project_i2s/bram/bram.srcs/sources_1/new/i2s_master_rx.v" Line 40
Stopped at time : 825 ns : File "I:/mtech/1sem/e-books/ES ZG 626 Hardware software co-design/project_i2s/bram/bram.srcs/sources_1/new/i2s_master_rx.v" Line 43
Stopped at time : 865 ns : File "I:/mtech/1sem/e-books/ES ZG 626 Hardware software co-design/project_i2s/bram/bram.srcs/sources_1/new/i2s_master_rx.v" Line 40
Stopped at time : 865 ns : File "I:/mtech/1sem/e-books/ES ZG 626 Hardware software co-design/project_i2s/bram/bram.srcs/sources_1/new/i2s_master_rx.v" Line 43
Stopped at time : 905 ns : File "I:/mtech/1sem/e-books/ES ZG 626 Hardware software co-design/project_i2s/bram/bram.srcs/sources_1/new/i2s_master_rx.v" Line 40
Stopped at time : 905 ns : File "I:/mtech/1sem/e-books/ES ZG 626 Hardware software co-design/project_i2s/bram/bram.srcs/sources_1/new/i2s_master_rx.v" Line 43
Stopped at time : 945 ns : File "I:/mtech/1sem/e-books/ES ZG 626 Hardware software co-design/project_i2s/bram/bram.srcs/sources_1/new/i2s_master_rx.v" Line 40
Stopped at time : 945 ns : File "I:/mtech/1sem/e-books/ES ZG 626 Hardware software co-design/project_i2s/bram/bram.srcs/sources_1/new/i2s_master_rx.v" Line 43
Stopped at time : 985 ns : File "I:/mtech/1sem/e-books/ES ZG 626 Hardware software co-design/project_i2s/bram/bram.srcs/sources_1/new/i2s_master_rx.v" Line 40
Stopped at time : 985 ns : File "I:/mtech/1sem/e-books/ES ZG 626 Hardware software co-design/project_i2s/bram/bram.srcs/sources_1/new/i2s_master_rx.v" Line 43
Stopped at time : 1025 ns : File "I:/mtech/1sem/e-books/ES ZG 626 Hardware software co-design/project_i2s/bram/bram.srcs/sources_1/new/i2s_master_rx.v" Line 40
Stopped at time : 1025 ns : File "I:/mtech/1sem/e-books/ES ZG 626 Hardware software co-design/project_i2s/bram/bram.srcs/sources_1/new/i2s_master_rx.v" Line 43
Stopped at time : 1065 ns : File "I:/mtech/1sem/e-books/ES ZG 626 Hardware software co-design/project_i2s/bram/bram.srcs/sources_1/new/i2s_master_rx.v" Line 40
Stopped at time : 1065 ns : File "I:/mtech/1sem/e-books/ES ZG 626 Hardware software co-design/project_i2s/bram/bram.srcs/sources_1/new/i2s_master_rx.v" Line 43
Stopped at time : 1105 ns : File "I:/mtech/1sem/e-books/ES ZG 626 Hardware software co-design/project_i2s/bram/bram.srcs/sources_1/new/i2s_master_rx.v" Line 40
Stopped at time : 1105 ns : File "I:/mtech/1sem/e-books/ES ZG 626 Hardware software co-design/project_i2s/bram/bram.srcs/sources_1/new/i2s_master_rx.v" Line 43
Stopped at time : 1145 ns : File "I:/mtech/1sem/e-books/ES ZG 626 Hardware software co-design/project_i2s/bram/bram.srcs/sources_1/new/i2s_master_rx.v" Line 40
Stopped at time : 1145 ns : File "I:/mtech/1sem/e-books/ES ZG 626 Hardware software co-design/project_i2s/bram/bram.srcs/sources_1/new/i2s_master_rx.v" Line 43
Stopped at time : 1185 ns : File "I:/mtech/1sem/e-books/ES ZG 626 Hardware software co-design/project_i2s/bram/bram.srcs/sources_1/new/i2s_master_rx.v" Line 40
Stopped at time : 1185 ns : File "I:/mtech/1sem/e-books/ES ZG 626 Hardware software co-design/project_i2s/bram/bram.srcs/sources_1/new/i2s_master_rx.v" Line 43
Stopped at time : 1225 ns : File "I:/mtech/1sem/e-books/ES ZG 626 Hardware software co-design/project_i2s/bram/bram.srcs/sources_1/new/i2s_master_rx.v" Line 40
Stopped at time : 1225 ns : File "I:/mtech/1sem/e-books/ES ZG 626 Hardware software co-design/project_i2s/bram/bram.srcs/sources_1/new/i2s_master_rx.v" Line 43
Stopped at time : 1265 ns : File "I:/mtech/1sem/e-books/ES ZG 626 Hardware software co-design/project_i2s/bram/bram.srcs/sources_1/new/i2s_master_rx.v" Line 40
Stopped at time : 1265 ns : File "I:/mtech/1sem/e-books/ES ZG 626 Hardware software co-design/project_i2s/bram/bram.srcs/sources_1/new/i2s_master_rx.v" Line 43
Stopped at time : 1265 ns : File "I:/mtech/1sem/e-books/ES ZG 626 Hardware software co-design/project_i2s/bram/bram.srcs/sources_1/new/i2s_master_rx.v" Line 45
Stopped at time : 1265 ns : File "I:/mtech/1sem/e-books/ES ZG 626 Hardware software co-design/project_i2s/bram/bram.srcs/sources_1/new/i2s_master_rx.v" Line 33
Stopped at time : 1270 ns : File "I:/mtech/1sem/e-books/ES ZG 626 Hardware software co-design/project_i2s/bram/bram.srcs/sim_1/new/tb_i2s_module.v" Line 113
Stopped at time : 2545 ns : File "I:/mtech/1sem/e-books/ES ZG 626 Hardware software co-design/project_i2s/bram/bram.srcs/sources_1/new/i2s_master_rx.v" Line 45
Stopped at time : 2580 ns : File "I:/mtech/1sem/e-books/ES ZG 626 Hardware software co-design/project_i2s/bram/bram.srcs/sim_1/new/tb_i2s_module.v" Line 134
$finish called at time : 2900 ns : File "I:/mtech/1sem/e-books/ES ZG 626 Hardware software co-design/project_i2s/bram/bram.srcs/sim_1/new/tb_i2s_module.v" Line 138
